app/build/intermediates/manifest_merge_blame_file/release/manifest-merger-blame-release-report.txt
1<?xml version="1.0" encoding="utf-8"?>
2<manifest xmlns:android="http://schemas.android.com/apk/res/android"
3    xmlns:tools="http://schemas.android.com/tools"
4    package="sg.just4fun.tgasdk"
5    android:versionCode="20025"
6    android:versionName="1.2.5" >
7
8    <uses-sdk
9        android:minSdkVersion="17"
9-->src\main\AndroidManifest.xml
10        android:targetSdkVersion="28" />
10-->src\main\AndroidManifest.xml
11
12    <uses-permission android:name="android.permission.WRITE_EXTERNAL_STORAGE" />
12-->src\main\AndroidManifest.xml:6:5-81
12-->src\main\AndroidManifest.xml:6:22-78
13    <uses-permission android:name="android.permission.ACCESS_NETWORK_STATE" />
13-->src\main\AndroidManifest.xml:7:5-79
13-->src\main\AndroidManifest.xml:7:22-76
14    <uses-permission android:name="android.permission.ACCESS_WIFI_STATE" />
14-->src\main\AndroidManifest.xml:8:5-76
14-->src\main\AndroidManifest.xml:8:22-73
15    <uses-permission android:name="android.permission.INTERNET" />
15-->src\main\AndroidManifest.xml:9:5-67
15-->src\main\AndroidManifest.xml:9:22-64
16    <uses-permission android:name="android.permission.READ_PHONE_STATE" />
16-->src\main\AndroidManifest.xml:10:5-75
16-->src\main\AndroidManifest.xml:10:22-72
17    <uses-permission android:name="android.permission.WAKE_LOCK" />
17-->src\main\AndroidManifest.xml:11:5-68
17-->src\main\AndroidManifest.xml:11:22-65
18    <uses-permission android:name="com.android.vending.BILLING" /> <!-- 谷歌支付 -->
18-->src\main\AndroidManifest.xml:12:5-67
18-->src\main\AndroidManifest.xml:12:22-64
19    <uses-permission android:name="com.farsitel.bazaar.permission.PAY_THROUGH_BAZAAR" />
19-->src\main\AndroidManifest.xml:13:5-89
19-->src\main\AndroidManifest.xml:13:22-86
20
21    <application
21-->src\main\AndroidManifest.xml:15:5-41:19
22        android:allowBackup="true"
22-->src\main\AndroidManifest.xml:16:9-35
23        android:hardwareAccelerated="true"
23-->src\main\AndroidManifest.xml:17:9-43
24        android:supportsRtl="true"
24-->src\main\AndroidManifest.xml:18:9-35
25        android:usesCleartextTraffic="true" >
25-->src\main\AndroidManifest.xml:19:9-44
26        <activity android:name="sg.just4fun.tgasdk.tga.ui.im.SdkImActivity" />
26-->src\main\AndroidManifest.xml:20:9-70
26-->src\main\AndroidManifest.xml:20:19-58
27        <activity
27-->src\main\AndroidManifest.xml:21:9-25:98
28            android:name="sg.just4fun.tgasdk.tga.ui.home.HomeActivity"
28-->src\main\AndroidManifest.xml:22:13-53
29            android:configChanges="orientation|keyboardHidden|screenSize"
29-->src\main\AndroidManifest.xml:23:13-74
30            android:screenOrientation="portrait"
30-->src\main\AndroidManifest.xml:24:13-49
31            android:windowSoftInputMode="stateVisible|adjustResize|stateAlwaysHidden" />
31-->src\main\AndroidManifest.xml:25:13-86
32        <activity
32-->src\main\AndroidManifest.xml:26:9-30:89
33            android:name="sg.just4fun.tgasdk.web.WebViewGameActivity"
33-->src\main\AndroidManifest.xml:27:13-52
34            android:configChanges="orientation|keyboardHidden|screenSize"
34-->src\main\AndroidManifest.xml:28:13-74
35            android:screenOrientation="portrait"
35-->src\main\AndroidManifest.xml:29:13-49
36            android:windowSoftInputMode="stateVisible|adjustResize|stateAlwaysHidden" />
36-->src\main\AndroidManifest.xml:30:13-86
37
38        <meta-data
38-->src\main\AndroidManifest.xml:32:9-34:35
39            android:name="android.max_aspect"
39-->src\main\AndroidManifest.xml:33:13-46
40            android:value="2.4" /> <!-- 适配华为（huawei）刘海屏 -->
40-->src\main\AndroidManifest.xml:34:13-32
41        <meta-data
41-->src\main\AndroidManifest.xml:35:9-37:36
42            android:name="android.notch_support"
42-->src\main\AndroidManifest.xml:36:13-49
43            android:value="true" /> <!-- 适配小米（xiaomi）刘海屏 -->
43-->src\main\AndroidManifest.xml:37:13-33
44        <meta-data
44-->src\main\AndroidManifest.xml:38:9-40:36
45            android:name="com.google.android.gms.wallet.api.enabled"
45-->src\main\AndroidManifest.xml:39:13-69
46            android:value="true" />
46-->src\main\AndroidManifest.xml:40:13-33
47    </application>
48
49</manifest>